app/build/outputs/logs/manifest-merger-debug-report.txt
-- Merging decision tree log ---
manifest
ADDED from src/main/AndroidManifest.xml:2:1-361:12
INJECTED from src/main/AndroidManifest.xml:2:1-361:12
INJECTED from src/main/AndroidManifest.xml:2:1-361:12
INJECTED from src/main/AndroidManifest.xml:2:1-361:12
MERGED from [com.android.support:design:26.1.0] AndroidManifest.xml:17:1-31:12
MERGED from [com.android.support:appcompat-v7:26.1.0] AndroidManifest.xml:17:1-31:12
MERGED from [de.hdodenhof:circleimageview:2.1.0] AndroidManifest.xml:2:1-11:12
MERGED from [com.google.android.gms:play-services-appindexing:8.1.0] AndroidManifest.xml:16:1-20:12
MERGED from [com.android.support:palette-v7:26.1.0] AndroidManifest.xml:17:1-28:12
MERGED from [com.github.tajchert:nammu:1.1.1] AndroidManifest.xml:2:1-12:12
MERGED from [com.android.support:transition:26.1.0] AndroidManifest.xml:17:1-28:12
MERGED from [com.google.android.gms:play-services-basement:8.1.0] AndroidManifest.xml:16:1-26:12
MERGED from [me.dm7.barcodescanner:zxing:1.8.4] AndroidManifest.xml:2:1-13:12
MERGED from [me.dm7.barcodescanner:core:1.8.4] AndroidManifest.xml:2:1-13:12
MERGED from [com.android.support:support-v4:26.1.0] AndroidManifest.xml:17:1-31:12
MERGED from [com.journeyapps:zxing-android-embedded:3.0.2] AndroidManifest.xml:17:1-57:12
MERGED from [com.github.jkwiecien:EasyImage:2.0.4] AndroidManifest.xml:2:1-23:12
MERGED from [com.github.hkk595:Resizer:v1.3] AndroidManifest.xml:2:1-16:12
MERGED from [com.android.support:cardview-v7:26.1.0] AndroidManifest.xml:17:1-28:12
MERGED from [com.android.support:recyclerview-v7:26.1.0] AndroidManifest.xml:17:1-28:12
MERGED from [com.android.support:animated-vector-drawable:26.1.0] AndroidManifest.xml:17:1-28:12
MERGED from [com.android.support:support-vector-drawable:26.1.0] AndroidManifest.xml:17:1-28:12
MERGED from [com.android.support:support-fragment:26.1.0] AndroidManifest.xml:17:1-31:12
MERGED from [com.android.support:support-core-utils:26.1.0] AndroidManifest.xml:17:1-31:12
MERGED from [com.android.support:support-core-ui:26.1.0] AndroidManifest.xml:17:1-31:12
MERGED from [com.android.support:support-media-compat:26.1.0] AndroidManifest.xml:17:1-31:12
MERGED from [com.android.support:support-compat:26.1.0] AndroidManifest.xml:17:1-31:12
MERGED from [android.arch.lifecycle:runtime:1.0.0] AndroidManifest.xml:17:1-30:12
INJECTED from src/main/AndroidManifest.xml:2:1-361:12
INJECTED from src/main/AndroidManifest.xml:2:1-361:12
INJECTED from src/main/AndroidManifest.xml:2:1-361:12
	package
		ADDED from src/main/AndroidManifest.xml:3:5-45
		INJECTED from src/main/AndroidManifest.xml
		INJECTED from src/main/AndroidManifest.xml
	android:versionName
		INJECTED from src/main/AndroidManifest.xml
		ADDED from src/main/AndroidManifest.xml:2:1-361:12
		INJECTED from src/main/AndroidManifest.xml
	android:versionCode
		INJECTED from src/main/AndroidManifest.xml
		ADDED from src/main/AndroidManifest.xml:2:1-361:12
		INJECTED from src/main/AndroidManifest.xml
	xmlns:android
		ADDED from src/main/AndroidManifest.xml:2:11-69
uses-feature#android.hardware.camera
ADDED from src/main/AndroidManifest.xml:5:5-7:35
MERGED from [com.journeyapps:zxing-android-embedded:3.0.2] AndroidManifest.xml:26:5-28:36
MERGED from [com.journeyapps:zxing-android-embedded:3.0.2] AndroidManifest.xml:26:5-28:36
	android:required
		ADDED from src/main/AndroidManifest.xml:7:9-32
	android:name
		ADDED from src/main/AndroidManifest.xml:6:9-47
uses-permission#android.permission.GET_ACCOUNTS
ADDED from src/main/AndroidManifest.xml:9:5-71
	android:name
		ADDED from src/main/AndroidManifest.xml:9:22-68
uses-permission#android.permission.READ_PROFILE
ADDED from src/main/AndroidManifest.xml:10:5-71
	android:name
		ADDED from src/main/AndroidManifest.xml:10:22-68
uses-permission#android.permission.READ_CONTACTS
ADDED from src/main/AndroidManifest.xml:11:5-72
	android:name
		ADDED from src/main/AndroidManifest.xml:11:22-69
uses-permission#android.permission.INTERNET
ADDED from src/main/AndroidManifest.xml:12:5-67
	android:name
		ADDED from src/main/AndroidManifest.xml:12:22-64
uses-permission#android.permission.WRITE_EXTERNAL_STORAGE
ADDED from src/main/AndroidManifest.xml:13:5-81
	android:name
		ADDED from src/main/AndroidManifest.xml:13:22-78
application
ADDED from src/main/AndroidManifest.xml:15:5-358:19
MERGED from [com.android.support:design:26.1.0] AndroidManifest.xml:25:5-29:19
MERGED from [com.android.support:design:26.1.0] AndroidManifest.xml:25:5-29:19
MERGED from [com.android.support:appcompat-v7:26.1.0] AndroidManifest.xml:25:5-29:19
MERGED from [com.android.support:appcompat-v7:26.1.0] AndroidManifest.xml:25:5-29:19
MERGED from [de.hdodenhof:circleimageview:2.1.0] AndroidManifest.xml:9:5-20
MERGED from [de.hdodenhof:circleimageview:2.1.0] AndroidManifest.xml:9:5-20
MERGED from [com.google.android.gms:play-services-appindexing:8.1.0] AndroidManifest.xml:19:5-20
MERGED from [com.google.android.gms:play-services-appindexing:8.1.0] AndroidManifest.xml:19:5-20
MERGED from [com.android.support:palette-v7:26.1.0] AndroidManifest.xml:22:5-26:19
MERGED from [com.android.support:palette-v7:26.1.0] AndroidManifest.xml:22:5-26:19
MERGED from [com.android.support:transition:26.1.0] AndroidManifest.xml:22:5-26:19
MERGED from [com.android.support:transition:26.1.0] AndroidManifest.xml:22:5-26:19
MERGED from [com.google.android.gms:play-services-basement:8.1.0] AndroidManifest.xml:20:5-24:19
MERGED from [com.google.android.gms:play-services-basement:8.1.0] AndroidManifest.xml:20:5-24:19
MERGED from [me.dm7.barcodescanner:zxing:1.8.4] AndroidManifest.xml:11:5-20
MERGED from [me.dm7.barcodescanner:zxing:1.8.4] AndroidManifest.xml:11:5-20
MERGED from [me.dm7.barcodescanner:core:1.8.4] AndroidManifest.xml:11:5-20
MERGED from [me.dm7.barcodescanner:core:1.8.4] AndroidManifest.xml:11:5-20
MERGED from [com.android.support:support-v4:26.1.0] AndroidManifest.xml:25:5-29:19
MERGED from [com.android.support:support-v4:26.1.0] AndroidManifest.xml:25:5-29:19
MERGED from [com.journeyapps:zxing-android-embedded:3.0.2] AndroidManifest.xml:47:5-55:19
MERGED from [com.journeyapps:zxing-android-embedded:3.0.2] AndroidManifest.xml:47:5-55:19
MERGED from [com.github.jkwiecien:EasyImage:2.0.4] AndroidManifest.xml:11:5-21:19
MERGED from [com.github.jkwiecien:EasyImage:2.0.4] AndroidManifest.xml:11:5-21:19
MERGED from [com.github.hkk595:Resizer:v1.3] AndroidManifest.xml:11:5-14:38
MERGED from [com.github.hkk595:Resizer:v1.3] AndroidManifest.xml:11:5-14:38
MERGED from [com.android.support:cardview-v7:26.1.0] AndroidManifest.xml:22:5-26:19
MERGED from [com.android.support:cardview-v7:26.1.0] AndroidManifest.xml:22:5-26:19
MERGED from [com.android.support:recyclerview-v7:26.1.0] AndroidManifest.xml:22:5-26:19
MERGED from [com.android.support:recyclerview-v7:26.1.0] AndroidManifest.xml:22:5-26:19
MERGED from [com.android.support:animated-vector-drawable:26.1.0] AndroidManifest.xml:22:5-26:19
MERGED from [com.android.support:animated-vector-drawable:26.1.0] AndroidManifest.xml:22:5-26:19
MERGED from [com.android.support:support-vector-drawable:26.1.0] AndroidManifest.xml:22:5-26:19
MERGED from [com.android.support:support-vector-drawable:26.1.0] AndroidManifest.xml:22:5-26:19
MERGED from [com.android.support:support-fragment:26.1.0] AndroidManifest.xml:25:5-29:19
MERGED from [com.android.support:support-fragment:26.1.0] AndroidManifest.xml:25:5-29:19
MERGED from [com.android.support:support-core-utils:26.1.0] AndroidManifest.xml:25:5-29:19
MERGED from [com.android.support:support-core-utils:26.1.0] AndroidManifest.xml:25:5-29:19
MERGED from [com.android.support:support-core-ui:26.1.0] AndroidManifest.xml:25:5-29:19
MERGED from [com.android.support:support-core-ui:26.1.0] AndroidManifest.xml:25:5-29:19
MERGED from [com.android.support:support-media-compat:26.1.0] AndroidManifest.xml:25:5-29:19
MERGED from [com.android.support:support-media-compat:26.1.0] AndroidManifest.xml:25:5-29:19
MERGED from [com.android.support:support-compat:26.1.0] AndroidManifest.xml:25:5-29:19
MERGED from [com.android.support:support-compat:26.1.0] AndroidManifest.xml:25:5-29:19
MERGED from [android.arch.lifecycle:runtime:1.0.0] AndroidManifest.xml:24:5-28:19
MERGED from [android.arch.lifecycle:runtime:1.0.0] AndroidManifest.xml:24:5-28:19
	android:supportsRtl
		ADDED from src/main/AndroidManifest.xml:19:9-35
	android:label
		ADDED from src/main/AndroidManifest.xml:18:9-41
	android:icon
		ADDED from src/main/AndroidManifest.xml:17:9-43
	android:allowBackup
		ADDED from src/main/AndroidManifest.xml:16:9-35
	android:theme
		ADDED from src/main/AndroidManifest.xml:20:9-40
	android:name
		ADDED from src/main/AndroidManifest.xml:21:9-28
activity#com.barateknologi.bbplk_cevest.MyLogin.SplashScreen
ADDED from src/main/AndroidManifest.xml:25:9-34:20
	android:theme
		ADDED from src/main/AndroidManifest.xml:27:13-56
	android:name
		ADDED from src/main/AndroidManifest.xml:26:13-49
intent-filter#action:name:android.intent.action.MAIN+category:name:android.intent.category.LAUNCHER
ADDED from src/main/AndroidManifest.xml:30:13-33:29
action#android.intent.action.MAIN
ADDED from src/main/AndroidManifest.xml:31:17-69
	android:name
		ADDED from src/main/AndroidManifest.xml:31:25-66
category#android.intent.category.LAUNCHER
ADDED from src/main/AndroidManifest.xml:32:17-77
	android:name
		ADDED from src/main/AndroidManifest.xml:32:27-74
activity#com.barateknologi.bbplk_cevest.Detail_Berita
ADDED from src/main/AndroidManifest.xml:36:9-43:20
	android:label
		ADDED from src/main/AndroidManifest.xml:38:13-42
	android:name
		ADDED from src/main/AndroidManifest.xml:37:13-42
intent-filter#action:name:android.intent.action.VIEW+category:name:android.intent.category.DEFAULT
ADDED from src/main/AndroidManifest.xml:39:13-42:29
action#android.intent.action.VIEW
ADDED from src/main/AndroidManifest.xml:40:17-69
	android:name
		ADDED from src/main/AndroidManifest.xml:40:25-66
category#android.intent.category.DEFAULT
ADDED from src/main/AndroidManifest.xml:41:17-76
	android:name
		ADDED from src/main/AndroidManifest.xml:41:27-73
activity#com.barateknologi.bbplk_cevest.MyLogin.EditFotoProfil
ADDED from src/main/AndroidManifest.xml:44:9-51:20
	android:label
		ADDED from src/main/AndroidManifest.xml:46:13-38
	android:name
		ADDED from src/main/AndroidManifest.xml:45:13-51
activity#com.barateknologi.bbplk_cevest.Utama.UtamaActivity
ADDED from src/main/AndroidManifest.xml:53:9-60:20
	android:label
		ADDED from src/main/AndroidManifest.xml:55:13-42
	android:name
		ADDED from src/main/AndroidManifest.xml:54:13-48
activity#com.barateknologi.bbplk_cevest.frommcpm.TentangSayaActivity
ADDED from src/main/AndroidManifest.xml:62:9-69:20
	android:label
		ADDED from src/main/AndroidManifest.xml:64:13-42
	android:name
		ADDED from src/main/AndroidManifest.xml:63:13-57
activity#com.barateknologi.bbplk_cevest.frommcpm.TTGsaya
ADDED from src/main/AndroidManifest.xml:71:9-78:20
	android:label
		ADDED from src/main/AndroidManifest.xml:73:13-42
	android:name
		ADDED from src/main/AndroidManifest.xml:72:13-45
activity#com.barateknologi.bbplk_cevest.Galerry.MainActivity
ADDED from src/main/AndroidManifest.xml:81:9-90:20
	android:label
		ADDED from src/main/AndroidManifest.xml:84:13-35
	android:name
		ADDED from src/main/AndroidManifest.xml:83:13-49
activity#com.barateknologi.bbplk_cevest.Galerry.Berita_Galery
ADDED from src/main/AndroidManifest.xml:92:9-100:20
	android:label
		ADDED from src/main/AndroidManifest.xml:94:13-35
	android:name
		ADDED from src/main/AndroidManifest.xml:93:13-50
activity#com.barateknologi.bbplk_cevest.Galerry.DetailActivity
ADDED from src/main/AndroidManifest.xml:102:9-104:56
	android:label
		ADDED from src/main/AndroidManifest.xml:104:13-44
	android:name
		ADDED from src/main/AndroidManifest.xml:103:13-51
activity#com.barateknologi.bbplk_cevest.Kejuruan.MainActivity
ADDED from src/main/AndroidManifest.xml:107:9-114:20
	android:label
		ADDED from src/main/AndroidManifest.xml:109:13-41
	android:name
		ADDED from src/main/AndroidManifest.xml:108:13-50
activity#com.barateknologi.bbplk_cevest.Detail_Loker
ADDED from src/main/AndroidManifest.xml:115:9-122:20
	android:label
		ADDED from src/main/AndroidManifest.xml:117:13-41
	android:name
		ADDED from src/main/AndroidManifest.xml:116:13-41
activity#com.barateknologi.bbplk_cevest.Kejuruan_Activity
ADDED from src/main/AndroidManifest.xml:124:9-129:20
	android:name
		ADDED from src/main/AndroidManifest.xml:124:19-52
activity#com.barateknologi.bbplk_cevest.Admin.Webview_baru
ADDED from src/main/AndroidManifest.xml:131:9-138:20
	android:label
		ADDED from src/main/AndroidManifest.xml:133:13-41
	android:name
		ADDED from src/main/AndroidManifest.xml:132:13-47
activity#com.barateknologi.bbplk_cevest.industri.MainActivity
ADDED from src/main/AndroidManifest.xml:141:9-147:20
	android:name
		ADDED from src/main/AndroidManifest.xml:141:19-56
activity#com.barateknologi.bbplk_cevest.Detail_Siswa_Activity
ADDED from src/main/AndroidManifest.xml:149:9-157:20
	android:label
		ADDED from src/main/AndroidManifest.xml:151:13-42
	android:name
		ADDED from src/main/AndroidManifest.xml:150:13-50
activity#com.barateknologi.bbplk_cevest.ProgramPelatihan_Activity
ADDED from src/main/AndroidManifest.xml:159:9-166:20
	android:label
		ADDED from src/main/AndroidManifest.xml:161:13-46
	android:name
		ADDED from src/main/AndroidManifest.xml:160:13-54
activity#com.barateknologi.bbplk_cevest.Activity_Absen
ADDED from src/main/AndroidManifest.xml:168:9-175:20
	android:label
		ADDED from src/main/AndroidManifest.xml:170:13-51
	android:name
		ADDED from src/main/AndroidManifest.xml:169:13-43
activity#com.barateknologi.bbplk_cevest.MyLogin.RegisterBaru
ADDED from src/main/AndroidManifest.xml:178:9-187:20
	android:label
		ADDED from src/main/AndroidManifest.xml:180:13-41
	android:windowSoftInputMode
		ADDED from src/main/AndroidManifest.xml:182:13-54
	android:theme
		ADDED from src/main/AndroidManifest.xml:181:13-56
	android:name
		ADDED from src/main/AndroidManifest.xml:179:13-49
activity#com.barateknologi.bbplk_cevest.Search_Absen
ADDED from src/main/AndroidManifest.xml:189:9-196:20
	android:label
		ADDED from src/main/AndroidManifest.xml:191:13-41
	android:name
		ADDED from src/main/AndroidManifest.xml:190:13-41
activity#com.barateknologi.bbplk_cevest.MainActivityBaru
ADDED from src/main/AndroidManifest.xml:198:9-206:20
	android:label
		ADDED from src/main/AndroidManifest.xml:200:13-45
	android:theme
		ADDED from src/main/AndroidManifest.xml:201:13-56
	android:name
		ADDED from src/main/AndroidManifest.xml:199:13-45
activity#com.barateknologi.bbplk_cevest.Admin.Webvieww_Berita
ADDED from src/main/AndroidManifest.xml:209:9-217:20
	android:label
		ADDED from src/main/AndroidManifest.xml:211:13-39
	android:name
		ADDED from src/main/AndroidManifest.xml:210:13-50
activity#com.barateknologi.bbplk_cevest.perusahaan.PerusahaanActivity
ADDED from src/main/AndroidManifest.xml:220:9-228:20
	android:label
		ADDED from src/main/AndroidManifest.xml:222:13-50
	android:name
		ADDED from src/main/AndroidManifest.xml:221:13-58
activity#com.barateknologi.bbplk_cevest.SecondActivity
ADDED from src/main/AndroidManifest.xml:231:9-239:20
	android:label
		ADDED from src/main/AndroidManifest.xml:233:13-42
	android:name
		ADDED from src/main/AndroidManifest.xml:232:13-43
activity#com.barateknologi.bbplk_cevest.Siswa_Activity
ADDED from src/main/AndroidManifest.xml:241:9-249:20
	android:label
		ADDED from src/main/AndroidManifest.xml:243:13-44
	android:name
		ADDED from src/main/AndroidManifest.xml:242:13-43
activity#com.barateknologi.bbplk_cevest.MyLogin.MainActivity
ADDED from src/main/AndroidManifest.xml:252:9-261:20
	android:label
		ADDED from src/main/AndroidManifest.xml:255:13-46
	android:theme
		ADDED from src/main/AndroidManifest.xml:254:13-56
	android:name
		ADDED from src/main/AndroidManifest.xml:253:13-49
activity#com.barateknologi.bbplk_cevest.SubKejuruan_Activity
ADDED from src/main/AndroidManifest.xml:263:9-268:20
	android:name
		ADDED from src/main/AndroidManifest.xml:263:19-55
activity#com.barateknologi.bbplk_cevest.MainActivity_Kirim_Berita
ADDED from src/main/AndroidManifest.xml:271:9-279:20
	android:label
		ADDED from src/main/AndroidManifest.xml:273:13-44
	android:theme
		ADDED from src/main/AndroidManifest.xml:274:13-56
	android:name
		ADDED from src/main/AndroidManifest.xml:272:13-54
activity#com.barateknologi.bbplk_cevest.Chat_Group
ADDED from src/main/AndroidManifest.xml:282:9-290:20
	android:label
		ADDED from src/main/AndroidManifest.xml:284:13-44
	android:theme
		ADDED from src/main/AndroidManifest.xml:285:13-56
	android:name
		ADDED from src/main/AndroidManifest.xml:283:13-39
activity#com.barateknologi.bbplk_cevest.Activity_Chat_Group
ADDED from src/main/AndroidManifest.xml:293:9-301:20
	android:label
		ADDED from src/main/AndroidManifest.xml:295:13-47
	android:windowSoftInputMode
		ADDED from src/main/AndroidManifest.xml:296:13-54
	android:name
		ADDED from src/main/AndroidManifest.xml:294:13-48
activity#com.barateknologi.bbplk_cevest.frommcpm.MainActivity
ADDED from src/main/AndroidManifest.xml:303:9-310:20
	android:label
		ADDED from src/main/AndroidManifest.xml:305:13-41
	android:name
		ADDED from src/main/AndroidManifest.xml:304:13-50
activity#com.barateknologi.bbplk_cevest.perusahaan.RegisterPerusahaan
ADDED from src/main/AndroidManifest.xml:312:9-319:20
	android:windowSoftInputMode
		ADDED from src/main/AndroidManifest.xml:314:13-54
	android:name
		ADDED from src/main/AndroidManifest.xml:313:13-58
activity#com.barateknologi.bbplk_cevest.MyLogin.MyAccount
ADDED from src/main/AndroidManifest.xml:322:9-330:20
	android:label
		ADDED from src/main/AndroidManifest.xml:324:13-36
	android:windowSoftInputMode
		ADDED from src/main/AndroidManifest.xml:325:13-54
	android:name
		ADDED from src/main/AndroidManifest.xml:323:13-46
activity#com.barateknologi.bbplk_cevest.Activity_Loker
ADDED from src/main/AndroidManifest.xml:332:9-339:20
	android:label
		ADDED from src/main/AndroidManifest.xml:334:13-38
	android:name
		ADDED from src/main/AndroidManifest.xml:333:13-43
activity#com.barateknologi.bbplk_cevest.perusahaan.MenuActivity
ADDED from src/main/AndroidManifest.xml:341:9-348:20
	android:label
		ADDED from src/main/AndroidManifest.xml:343:13-38
	android:name
		ADDED from src/main/AndroidManifest.xml:342:13-52
activity#com.barateknologi.bbplk_cevest.MyLogin.PemakaiActivity
ADDED from src/main/AndroidManifest.xml:350:9-357:20
	android:label
		ADDED from src/main/AndroidManifest.xml:352:13-35
	android:name
		ADDED from src/main/AndroidManifest.xml:351:13-52
uses-sdk
INJECTED from src/main/AndroidManifest.xml reason: use-sdk injection requested
INJECTED from src/main/AndroidManifest.xml
INJECTED from src/main/AndroidManifest.xml
MERGED from [com.android.support:design:26.1.0] AndroidManifest.xml:21:5-23:62
MERGED from [com.android.support:design:26.1.0] AndroidManifest.xml:21:5-23:62
MERGED from [com.android.support:appcompat-v7:26.1.0] AndroidManifest.xml:21:5-23:78
MERGED from [com.android.support:appcompat-v7:26.1.0] AndroidManifest.xml:21:5-23:78
MERGED from [de.hdodenhof:circleimageview:2.1.0] AndroidManifest.xml:5:5-7:41
MERGED from [de.hdodenhof:circleimageview:2.1.0] AndroidManifest.xml:5:5-7:41
MERGED from [com.google.android.gms:play-services-appindexing:8.1.0] AndroidManifest.xml:18:5-42
MERGED from [com.google.android.gms:play-services-appindexing:8.1.0] AndroidManifest.xml:18:5-42
MERGED from [com.android.support:palette-v7:26.1.0] AndroidManifest.xml:20:5-44
MERGED from [com.android.support:palette-v7:26.1.0] AndroidManifest.xml:20:5-44
MERGED from [com.github.tajchert:nammu:1.1.1] AndroidManifest.xml:8:5-10:41
MERGED from [com.github.tajchert:nammu:1.1.1] AndroidManifest.xml:8:5-10:41
MERGED from [com.android.support:transition:26.1.0] AndroidManifest.xml:20:5-44
MERGED from [com.android.support:transition:26.1.0] AndroidManifest.xml:20:5-44
MERGED from [com.google.android.gms:play-services-basement:8.1.0] AndroidManifest.xml:18:5-42
MERGED from [com.google.android.gms:play-services-basement:8.1.0] AndroidManifest.xml:18:5-42
MERGED from [me.dm7.barcodescanner:zxing:1.8.4] AndroidManifest.xml:7:5-9:41
MERGED from [me.dm7.barcodescanner:zxing:1.8.4] AndroidManifest.xml:7:5-9:41
MERGED from [me.dm7.barcodescanner:core:1.8.4] AndroidManifest.xml:7:5-9:41
MERGED from [me.dm7.barcodescanner:core:1.8.4] AndroidManifest.xml:7:5-9:41
MERGED from [com.android.support:support-v4:26.1.0] AndroidManifest.xml:21:5-23:54
MERGED from [com.android.support:support-v4:26.1.0] AndroidManifest.xml:21:5-23:54
MERGED from [com.journeyapps:zxing-android-embedded:3.0.2] AndroidManifest.xml:19:5-21:41
MERGED from [com.journeyapps:zxing-android-embedded:3.0.2] AndroidManifest.xml:19:5-21:41
MERGED from [com.github.jkwiecien:EasyImage:2.0.4] AndroidManifest.xml:7:5-9:41
MERGED from [com.github.jkwiecien:EasyImage:2.0.4] AndroidManifest.xml:7:5-9:41
MERGED from [com.github.hkk595:Resizer:v1.3] AndroidManifest.xml:7:5-9:41
MERGED from [com.github.hkk595:Resizer:v1.3] AndroidManifest.xml:7:5-9:41
MERGED from [com.android.support:cardview-v7:26.1.0] AndroidManifest.xml:20:5-44
MERGED from [com.android.support:cardview-v7:26.1.0] AndroidManifest.xml:20:5-44
MERGED from [com.android.support:recyclerview-v7:26.1.0] AndroidManifest.xml:20:5-44
MERGED from [com.android.support:recyclerview-v7:26.1.0] AndroidManifest.xml:20:5-44
MERGED from [com.android.support:animated-vector-drawable:26.1.0] AndroidManifest.xml:20:5-44
MERGED from [com.android.support:animated-vector-drawable:26.1.0] AndroidManifest.xml:20:5-44
MERGED from [com.android.support:support-vector-drawable:26.1.0] AndroidManifest.xml:20:5-44
MERGED from [com.android.support:support-vector-drawable:26.1.0] AndroidManifest.xml:20:5-44
MERGED from [com.android.support:support-fragment:26.1.0] AndroidManifest.xml:21:5-23:60
MERGED from [com.android.support:support-fragment:26.1.0] AndroidManifest.xml:21:5-23:60
MERGED from [com.android.support:support-core-utils:26.1.0] AndroidManifest.xml:21:5-23:61
MERGED from [com.android.support:support-core-utils:26.1.0] AndroidManifest.xml:21:5-23:61
MERGED from [com.android.support:support-core-ui:26.1.0] AndroidManifest.xml:21:5-23:58
MERGED from [com.android.support:support-core-ui:26.1.0] AndroidManifest.xml:21:5-23:58
MERGED from [com.android.support:support-media-compat:26.1.0] AndroidManifest.xml:21:5-23:63
MERGED from [com.android.support:support-media-compat:26.1.0] AndroidManifest.xml:21:5-23:63
MERGED from [com.android.support:support-compat:26.1.0] AndroidManifest.xml:21:5-23:58
MERGED from [com.android.support:support-compat:26.1.0] AndroidManifest.xml:21:5-23:58
MERGED from [android.arch.lifecycle:runtime:1.0.0] AndroidManifest.xml:20:5-22:41
MERGED from [android.arch.lifecycle:runtime:1.0.0] AndroidManifest.xml:20:5-22:41
INJECTED from src/main/AndroidManifest.xml
INJECTED from src/main/AndroidManifest.xml
	tools:overrideLibrary
		ADDED from [com.android.support:design:26.1.0] AndroidManifest.xml:23:9-59
	android:targetSdkVersion
		INJECTED from src/main/AndroidManifest.xml
		ADDED from src/main/AndroidManifest.xml
		INJECTED from src/main/AndroidManifest.xml
	android:minSdkVersion
		INJECTED from src/main/AndroidManifest.xml
		ADDED from src/main/AndroidManifest.xml
		INJECTED from src/main/AndroidManifest.xml
meta-data#android.support.VERSION
ADDED from [com.android.support:design:26.1.0] AndroidManifest.xml:26:9-28:38
MERGED from [com.android.support:appcompat-v7:26.1.0] AndroidManifest.xml:26:9-28:38
MERGED from [com.android.support:appcompat-v7:26.1.0] AndroidManifest.xml:26:9-28:38
MERGED from [com.android.support:palette-v7:26.1.0] AndroidManifest.xml:23:9-25:38
MERGED from [com.android.support:palette-v7:26.1.0] AndroidManifest.xml:23:9-25:38
MERGED from [com.android.support:transition:26.1.0] AndroidManifest.xml:23:9-25:38
MERGED from [com.android.support:transition:26.1.0] AndroidManifest.xml:23:9-25:38
MERGED from [com.android.support:support-v4:26.1.0] AndroidManifest.xml:26:9-28:38
MERGED from [com.android.support:support-v4:26.1.0] AndroidManifest.xml:26:9-28:38
MERGED from [com.android.support:cardview-v7:26.1.0] AndroidManifest.xml:23:9-25:38
MERGED from [com.android.support:cardview-v7:26.1.0] AndroidManifest.xml:23:9-25:38
MERGED from [com.android.support:recyclerview-v7:26.1.0] AndroidManifest.xml:23:9-25:38
MERGED from [com.android.support:recyclerview-v7:26.1.0] AndroidManifest.xml:23:9-25:38
MERGED from [com.android.support:animated-vector-drawable:26.1.0] AndroidManifest.xml:23:9-25:38
MERGED from [com.android.support:animated-vector-drawable:26.1.0] AndroidManifest.xml:23:9-25:38
MERGED from [com.android.support:support-vector-drawable:26.1.0] AndroidManifest.xml:23:9-25:38
MERGED from [com.android.support:support-vector-drawable:26.1.0] AndroidManifest.xml:23:9-25:38
MERGED from [com.android.support:support-fragment:26.1.0] AndroidManifest.xml:26:9-28:38
MERGED from [com.android.support:support-fragment:26.1.0] AndroidManifest.xml:26:9-28:38
MERGED from [com.android.support:support-core-utils:26.1.0] AndroidManifest.xml:26:9-28:38
MERGED from [com.android.support:support-core-utils:26.1.0] AndroidManifest.xml:26:9-28:38
MERGED from [com.android.support:support-core-ui:26.1.0] AndroidManifest.xml:26:9-28:38
MERGED from [com.android.support:support-core-ui:26.1.0] AndroidManifest.xml:26:9-28:38
MERGED from [com.android.support:support-media-compat:26.1.0] AndroidManifest.xml:26:9-28:38
MERGED from [com.android.support:support-media-compat:26.1.0] AndroidManifest.xml:26:9-28:38
MERGED from [com.android.support:support-compat:26.1.0] AndroidManifest.xml:26:9-28:38
MERGED from [com.android.support:support-compat:26.1.0] AndroidManifest.xml:26:9-28:38
	android:value
		ADDED from [com.android.support:design:26.1.0] AndroidManifest.xml:28:13-35
	android:name
		ADDED from [com.android.support:design:26.1.0] AndroidManifest.xml:27:13-51
meta-data#com.google.android.gms.version
ADDED from [com.google.android.gms:play-services-basement:8.1.0] AndroidManifest.xml:21:9-23:69
	android:value
		ADDED from [com.google.android.gms:play-services-basement:8.1.0] AndroidManifest.xml:23:13-66
	android:name
		ADDED from [com.google.android.gms:play-services-basement:8.1.0] AndroidManifest.xml:22:13-58
uses-permission#android.permission.CAMERA
ADDED from [com.journeyapps:zxing-android-embedded:3.0.2] AndroidManifest.xml:23:5-65
	android:name
		ADDED from [com.journeyapps:zxing-android-embedded:3.0.2] AndroidManifest.xml:23:22-62
uses-feature#android.hardware.camera.front
ADDED from [com.journeyapps:zxing-android-embedded:3.0.2] AndroidManifest.xml:29:5-31:36
	android:required
		ADDED from [com.journeyapps:zxing-android-embedded:3.0.2] AndroidManifest.xml:31:9-33
	android:name
		ADDED from [com.journeyapps:zxing-android-embedded:3.0.2] AndroidManifest.xml:30:9-53
uses-feature#android.hardware.camera.autofocus
ADDED from [com.journeyapps:zxing-android-embedded:3.0.2] AndroidManifest.xml:34:5-36:36
	android:required
		ADDED from [com.journeyapps:zxing-android-embedded:3.0.2] AndroidManifest.xml:36:9-33
	android:name
		ADDED from [com.journeyapps:zxing-android-embedded:3.0.2] AndroidManifest.xml:35:9-57
uses-feature#android.hardware.camera.flash
ADDED from [com.journeyapps:zxing-android-embedded:3.0.2] AndroidManifest.xml:37:5-39:36
	android:required
		ADDED from [com.journeyapps:zxing-android-embedded:3.0.2] AndroidManifest.xml:39:9-33
	android:name
		ADDED from [com.journeyapps:zxing-android-embedded:3.0.2] AndroidManifest.xml:38:9-53
uses-feature#android.hardware.screen.landscape
ADDED from [com.journeyapps:zxing-android-embedded:3.0.2] AndroidManifest.xml:40:5-42:36
	android:required
		ADDED from [com.journeyapps:zxing-android-embedded:3.0.2] AndroidManifest.xml:42:9-33
	android:name
		ADDED from [com.journeyapps:zxing-android-embedded:3.0.2] AndroidManifest.xml:41:9-57
uses-feature#android.hardware.wifi
ADDED from [com.journeyapps:zxing-android-embedded:3.0.2] AndroidManifest.xml:43:5-45:36
	android:required
		ADDED from [com.journeyapps:zxing-android-embedded:3.0.2] AndroidManifest.xml:45:9-33
	android:name
		ADDED from [com.journeyapps:zxing-android-embedded:3.0.2] AndroidManifest.xml:44:9-45
activity#com.journeyapps.barcodescanner.CaptureActivity
ADDED from [com.journeyapps:zxing-android-embedded:3.0.2] AndroidManifest.xml:48:9-54:63
	android:screenOrientation
		ADDED from [com.journeyapps:zxing-android-embedded:3.0.2] AndroidManifest.xml:51:13-56
	android:clearTaskOnLaunch
		ADDED from [com.journeyapps:zxing-android-embedded:3.0.2] AndroidManifest.xml:50:13-45
	android:stateNotNeeded
		ADDED from [com.journeyapps:zxing-android-embedded:3.0.2] AndroidManifest.xml:52:13-42
	android:windowSoftInputMode
		ADDED from [com.journeyapps:zxing-android-embedded:3.0.2] AndroidManifest.xml:54:13-60
	android:theme
		ADDED from [com.journeyapps:zxing-android-embedded:3.0.2] AndroidManifest.xml:53:13-54
	android:name
		ADDED from [com.journeyapps:zxing-android-embedded:3.0.2] AndroidManifest.xml:49:13-74
provider#pl.aprilapps.easyphotopicker.ExtendedFileProvider
ADDED from [com.github.jkwiecien:EasyImage:2.0.4] AndroidManifest.xml:12:9-20:20
	android:grantUriPermissions
		ADDED from [com.github.jkwiecien:EasyImage:2.0.4] AndroidManifest.xml:16:13-47
	android:authorities
		ADDED from [com.github.jkwiecien:EasyImage:2.0.4] AndroidManifest.xml:14:13-80
	android:exported
		ADDED from [com.github.jkwiecien:EasyImage:2.0.4] AndroidManifest.xml:15:13-37
	android:name
		ADDED from [com.github.jkwiecien:EasyImage:2.0.4] AndroidManifest.xml:13:13-77
meta-data#android.support.FILE_PROVIDER_PATHS
ADDED from [com.github.jkwiecien:EasyImage:2.0.4] AndroidManifest.xml:17:13-19:53
	android:resource
		ADDED from [com.github.jkwiecien:EasyImage:2.0.4] AndroidManifest.xml:19:17-50
	android:name
		ADDED from [com.github.jkwiecien:EasyImage:2.0.4] AndroidManifest.xml:18:17-67
meta-data#android.arch.lifecycle.VERSION
ADDED from [android.arch.lifecycle:runtime:1.0.0] AndroidManifest.xml:25:9-27:47
	android:value